[0.007s] Invoking command in '/home/ws/potato_ws/build/robot_description': CMAKE_PREFIX_PATH=/opt/ros/rolling /usr/bin/cmake /home/ws/potato_ws/src/robot_description -DCMAKE_INSTALL_PREFIX=/home/ws/potato_ws/install/robot_description
[0.102s] -- The C compiler identification is GNU 13.3.0
[0.166s] -- The CXX compiler identification is GNU 13.3.0
[0.182s] -- Detecting C compiler ABI info
[0.269s] -- Detecting C compiler ABI info - done
[0.279s] -- Check for working C compiler: /usr/bin/cc - skipped
[0.279s] -- Detecting C compile features
[0.279s] -- Detecting C compile features - done
[0.289s] -- Detecting CXX compiler ABI info
[0.378s] -- Detecting CXX compiler ABI info - done
[0.385s] -- Check for working CXX compiler: /usr/bin/c++ - skipped
[0.385s] -- Detecting CXX compile features
[0.385s] -- Detecting CXX compile features - done
[0.389s] -- Found ament_cmake: 2.8.4 (/opt/ros/rolling/share/ament_cmake/cmake)
[0.478s] -- Found Python3: /usr/bin/python3 (found version "3.12.3") found components: Interpreter 
[0.570s] -- Found ament_lint_auto: 0.20.2 (/opt/ros/rolling/share/ament_lint_auto/cmake)
[0.658s] -- Added test 'flake8' to check Python code syntax and style conventions
[0.658s] -- Configured 'flake8' exclude dirs and/or files: 
[0.658s] -- Added test 'lint_cmake' to check CMake code style
[0.658s] -- Added test 'pep257' to check Python code against some of the docstring style conventions in PEP 257
[0.659s] -- Added test 'xmllint' to check XML markup files
[0.660s] -- Configuring done (0.6s)
[0.662s] -- Generating done (0.0s)
[0.663s] -- Build files have been written to: /home/ws/potato_ws/build/robot_description
[0.667s] Invoked command in '/home/ws/potato_ws/build/robot_description' returned '0': CMAKE_PREFIX_PATH=/opt/ros/rolling /usr/bin/cmake /home/ws/potato_ws/src/robot_description -DCMAKE_INSTALL_PREFIX=/home/ws/potato_ws/install/robot_description
[0.669s] Invoking command in '/home/ws/potato_ws/build/robot_description': CMAKE_PREFIX_PATH=/opt/ros/rolling /usr/bin/cmake --build /home/ws/potato_ws/build/robot_description -- -j14 -l14
[0.703s] Invoked command in '/home/ws/potato_ws/build/robot_description' returned '0': CMAKE_PREFIX_PATH=/opt/ros/rolling /usr/bin/cmake --build /home/ws/potato_ws/build/robot_description -- -j14 -l14
[0.711s] Invoking command in '/home/ws/potato_ws/build/robot_description': CMAKE_PREFIX_PATH=/opt/ros/rolling /usr/bin/cmake --install /home/ws/potato_ws/build/robot_description
[0.716s] -- Install configuration: ""
[0.717s] -- Installing: /home/ws/potato_ws/install/robot_description/share/ament_index/resource_index/package_run_dependencies/robot_description
[0.717s] -- Installing: /home/ws/potato_ws/install/robot_description/share/ament_index/resource_index/parent_prefix_path/robot_description
[0.717s] -- Installing: /home/ws/potato_ws/install/robot_description/share/robot_description/environment/ament_prefix_path.sh
[0.717s] -- Installing: /home/ws/potato_ws/install/robot_description/share/robot_description/environment/ament_prefix_path.dsv
[0.717s] -- Installing: /home/ws/potato_ws/install/robot_description/share/robot_description/environment/path.sh
[0.717s] -- Installing: /home/ws/potato_ws/install/robot_description/share/robot_description/environment/path.dsv
[0.717s] -- Installing: /home/ws/potato_ws/install/robot_description/share/robot_description/local_setup.bash
[0.717s] -- Installing: /home/ws/potato_ws/install/robot_description/share/robot_description/local_setup.sh
[0.717s] -- Installing: /home/ws/potato_ws/install/robot_description/share/robot_description/local_setup.zsh
[0.718s] -- Installing: /home/ws/potato_ws/install/robot_description/share/robot_description/local_setup.dsv
[0.718s] -- Installing: /home/ws/potato_ws/install/robot_description/share/robot_description/package.dsv
[0.718s] -- Installing: /home/ws/potato_ws/install/robot_description/share/ament_index/resource_index/packages/robot_description
[0.718s] -- Installing: /home/ws/potato_ws/install/robot_description/share/robot_description/cmake/robot_descriptionConfig.cmake
[0.718s] -- Installing: /home/ws/potato_ws/install/robot_description/share/robot_description/cmake/robot_descriptionConfig-version.cmake
[0.718s] -- Installing: /home/ws/potato_ws/install/robot_description/share/robot_description/package.xml
[0.719s] Invoked command in '/home/ws/potato_ws/build/robot_description' returned '0': CMAKE_PREFIX_PATH=/opt/ros/rolling /usr/bin/cmake --install /home/ws/potato_ws/build/robot_description
