[0.009s] Invoking command in '/home/ws/potato_ws/build/robot_description': CMAKE_PREFIX_PATH=${CMAKE_PREFIX_PATH}:/opt/ros/rolling /usr/bin/cmake --build /home/ws/potato_ws/build/robot_description -- -j14 -l14
[0.040s] Invoked command in '/home/ws/potato_ws/build/robot_description' returned '0': CMAKE_PREFIX_PATH=${CMAKE_PREFIX_PATH}:/opt/ros/rolling /usr/bin/cmake --build /home/ws/potato_ws/build/robot_description -- -j14 -l14
[0.048s] Invoking command in '/home/ws/potato_ws/build/robot_description': CMAKE_PREFIX_PATH=${CMAKE_PREFIX_PATH}:/opt/ros/rolling /usr/bin/cmake --install /home/ws/potato_ws/build/robot_description
[0.054s] -- Install configuration: ""
[0.054s] -- Up-to-date: /home/ws/potato_ws/install/robot_description/share/ament_index/resource_index/package_run_dependencies/robot_description
[0.054s] -- Up-to-date: /home/ws/potato_ws/install/robot_description/share/ament_index/resource_index/parent_prefix_path/robot_description
[0.054s] -- Up-to-date: /home/ws/potato_ws/install/robot_description/share/robot_description/environment/ament_prefix_path.sh
[0.054s] -- Up-to-date: /home/ws/potato_ws/install/robot_description/share/robot_description/environment/ament_prefix_path.dsv
[0.054s] -- Up-to-date: /home/ws/potato_ws/install/robot_description/share/robot_description/environment/path.sh
[0.054s] -- Up-to-date: /home/ws/potato_ws/install/robot_description/share/robot_description/environment/path.dsv
[0.054s] -- Up-to-date: /home/ws/potato_ws/install/robot_description/share/robot_description/local_setup.bash
[0.054s] -- Up-to-date: /home/ws/potato_ws/install/robot_description/share/robot_description/local_setup.sh
[0.054s] -- Up-to-date: /home/ws/potato_ws/install/robot_description/share/robot_description/local_setup.zsh
[0.054s] -- Up-to-date: /home/ws/potato_ws/install/robot_description/share/robot_description/local_setup.dsv
[0.055s] -- Installing: /home/ws/potato_ws/install/robot_description/share/robot_description/package.dsv
[0.055s] -- Up-to-date: /home/ws/potato_ws/install/robot_description/share/ament_index/resource_index/packages/robot_description
[0.055s] -- Up-to-date: /home/ws/potato_ws/install/robot_description/share/robot_description/cmake/robot_descriptionConfig.cmake
[0.055s] -- Up-to-date: /home/ws/potato_ws/install/robot_description/share/robot_description/cmake/robot_descriptionConfig-version.cmake
[0.055s] -- Up-to-date: /home/ws/potato_ws/install/robot_description/share/robot_description/package.xml
[0.055s] Invoked command in '/home/ws/potato_ws/build/robot_description' returned '0': CMAKE_PREFIX_PATH=${CMAKE_PREFIX_PATH}:/opt/ros/rolling /usr/bin/cmake --install /home/ws/potato_ws/build/robot_description
