[0.009s] Invoking command in '/home/ws/potato_ws/build/robot_description': CMAKE_PREFIX_PATH=${CMAKE_PREFIX_PATH}:/opt/ros/jazzy /usr/bin/cmake --build /home/ws/potato_ws/build/robot_description -- -j14 -l14
[0.044s] Invoked command in '/home/ws/potato_ws/build/robot_description' returned '0': CMAKE_PREFIX_PATH=${CMAKE_PREFIX_PATH}:/opt/ros/jazzy /usr/bin/cmake --build /home/ws/potato_ws/build/robot_description -- -j14 -l14
[0.054s] Invoking command in '/home/ws/potato_ws/build/robot_description': CMAKE_PREFIX_PATH=${CMAKE_PREFIX_PATH}:/opt/ros/jazzy /usr/bin/cmake --install /home/ws/potato_ws/build/robot_description
[0.062s] -- Install configuration: ""
[0.062s] -- Up-to-date: /home/ws/potato_ws/install/robot_description/share/robot_description/description
[0.062s] -- Installing: /home/ws/potato_ws/install/robot_description/share/robot_description/description/robot_core.xacro
[0.062s] -- Up-to-date: /home/ws/potato_ws/install/robot_description/share/robot_description/description/robot.urdf.xacro
[0.062s] -- Up-to-date: /home/ws/potato_ws/install/robot_description/share/robot_description/description/inertial_macros.xacro
[0.062s] -- Up-to-date: /home/ws/potato_ws/install/robot_description/share/robot_description/launch
[0.062s] -- Up-to-date: /home/ws/potato_ws/install/robot_description/share/robot_description/launch/rsp.launch.py
[0.062s] -- Up-to-date: /home/ws/potato_ws/install/robot_description/share/ament_index/resource_index/package_run_dependencies/robot_description
[0.062s] -- Up-to-date: /home/ws/potato_ws/install/robot_description/share/ament_index/resource_index/parent_prefix_path/robot_description
[0.062s] -- Up-to-date: /home/ws/potato_ws/install/robot_description/share/robot_description/environment/ament_prefix_path.sh
[0.063s] -- Up-to-date: /home/ws/potato_ws/install/robot_description/share/robot_description/environment/ament_prefix_path.dsv
[0.063s] -- Up-to-date: /home/ws/potato_ws/install/robot_description/share/robot_description/environment/path.sh
[0.063s] -- Up-to-date: /home/ws/potato_ws/install/robot_description/share/robot_description/environment/path.dsv
[0.063s] -- Up-to-date: /home/ws/potato_ws/install/robot_description/share/robot_description/local_setup.bash
[0.063s] -- Up-to-date: /home/ws/potato_ws/install/robot_description/share/robot_description/local_setup.sh
[0.063s] -- Up-to-date: /home/ws/potato_ws/install/robot_description/share/robot_description/local_setup.zsh
[0.063s] -- Up-to-date: /home/ws/potato_ws/install/robot_description/share/robot_description/local_setup.dsv
[0.063s] -- Installing: /home/ws/potato_ws/install/robot_description/share/robot_description/package.dsv
[0.063s] -- Up-to-date: /home/ws/potato_ws/install/robot_description/share/ament_index/resource_index/packages/robot_description
[0.063s] -- Up-to-date: /home/ws/potato_ws/install/robot_description/share/robot_description/cmake/robot_descriptionConfig.cmake
[0.063s] -- Up-to-date: /home/ws/potato_ws/install/robot_description/share/robot_description/cmake/robot_descriptionConfig-version.cmake
[0.063s] -- Up-to-date: /home/ws/potato_ws/install/robot_description/share/robot_description/package.xml
[0.064s] Invoked command in '/home/ws/potato_ws/build/robot_description' returned '0': CMAKE_PREFIX_PATH=${CMAKE_PREFIX_PATH}:/opt/ros/jazzy /usr/bin/cmake --install /home/ws/potato_ws/build/robot_description
