[0.019s] Invoking command in '/home/ws/potato_ws/build/robot_description': CMAKE_PREFIX_PATH=${CMAKE_PREFIX_PATH}:/opt/ros/jazzy /usr/bin/cmake /home/ws/potato_ws/src/robot_description -DAMENT_CMAKE_SYMLINK_INSTALL=1 -DCMAKE_INSTALL_PREFIX=/home/ws/potato_ws/install/robot_description
[0.048s] -- Found ament_cmake: 2.5.4 (/opt/ros/jazzy/share/ament_cmake/cmake)
[0.464s] -- Override CMake install command with custom implementation using symlinks instead of copying resources
[0.478s] -- Found ament_lint_auto: 0.17.2 (/opt/ros/jazzy/share/ament_lint_auto/cmake)
[0.644s] -- Added test 'flake8' to check Python code syntax and style conventions
[0.645s] -- Configured 'flake8' exclude dirs and/or files: 
[0.645s] -- Added test 'lint_cmake' to check CMake code style
[0.645s] -- Added test 'pep257' to check Python code against some of the docstring style conventions in PEP 257
[0.647s] -- Added test 'xmllint' to check XML markup files
[0.648s] -- Configuring done (0.6s)
[0.654s] -- Generating done (0.0s)
[0.659s] -- Build files have been written to: /home/ws/potato_ws/build/robot_description
[0.666s] Invoked command in '/home/ws/potato_ws/build/robot_description' returned '0': CMAKE_PREFIX_PATH=${CMAKE_PREFIX_PATH}:/opt/ros/jazzy /usr/bin/cmake /home/ws/potato_ws/src/robot_description -DAMENT_CMAKE_SYMLINK_INSTALL=1 -DCMAKE_INSTALL_PREFIX=/home/ws/potato_ws/install/robot_description
[0.669s] Invoking command in '/home/ws/potato_ws/build/robot_description': CMAKE_PREFIX_PATH=${CMAKE_PREFIX_PATH}:/opt/ros/jazzy /usr/bin/cmake --build /home/ws/potato_ws/build/robot_description -- -j14 -l14
[0.758s] Invoked command in '/home/ws/potato_ws/build/robot_description' returned '0': CMAKE_PREFIX_PATH=${CMAKE_PREFIX_PATH}:/opt/ros/jazzy /usr/bin/cmake --build /home/ws/potato_ws/build/robot_description -- -j14 -l14
[0.781s] Invoking command in '/home/ws/potato_ws/build/robot_description': CMAKE_PREFIX_PATH=${CMAKE_PREFIX_PATH}:/opt/ros/jazzy /usr/bin/cmake --install /home/ws/potato_ws/build/robot_description
[0.798s] -- Install configuration: ""
[0.799s] -- Execute custom install script
[0.800s] -- Up-to-date symlink: /home/ws/potato_ws/install/robot_description/share/robot_description/description/gazebo_control.xacro
[0.800s] -- Up-to-date symlink: /home/ws/potato_ws/install/robot_description/share/robot_description/description/inertial_macros.xacro
[0.801s] -- Up-to-date symlink: /home/ws/potato_ws/install/robot_description/share/robot_description/description/robot.urdf.xacro
[0.801s] -- Up-to-date symlink: /home/ws/potato_ws/install/robot_description/share/robot_description/description/robot_core.xacro
[0.801s] -- Up-to-date symlink: /home/ws/potato_ws/install/robot_description/share/robot_description/launch/launch_sim.launch.py
[0.802s] -- Up-to-date symlink: /home/ws/potato_ws/install/robot_description/share/robot_description/launch/rsp.launch.py
[0.802s] -- Up-to-date symlink: /home/ws/potato_ws/install/robot_description/share/ament_index/resource_index/package_run_dependencies/robot_description
[0.803s] -- Up-to-date symlink: /home/ws/potato_ws/install/robot_description/share/ament_index/resource_index/parent_prefix_path/robot_description
[0.803s] -- Up-to-date symlink: /home/ws/potato_ws/install/robot_description/share/robot_description/environment/ament_prefix_path.sh
[0.803s] -- Up-to-date symlink: /home/ws/potato_ws/install/robot_description/share/robot_description/environment/ament_prefix_path.dsv
[0.803s] -- Up-to-date symlink: /home/ws/potato_ws/install/robot_description/share/robot_description/environment/path.sh
[0.803s] -- Up-to-date symlink: /home/ws/potato_ws/install/robot_description/share/robot_description/environment/path.dsv
[0.803s] -- Up-to-date symlink: /home/ws/potato_ws/install/robot_description/share/robot_description/local_setup.bash
[0.804s] -- Up-to-date symlink: /home/ws/potato_ws/install/robot_description/share/robot_description/local_setup.sh
[0.804s] -- Up-to-date symlink: /home/ws/potato_ws/install/robot_description/share/robot_description/local_setup.zsh
[0.804s] -- Up-to-date symlink: /home/ws/potato_ws/install/robot_description/share/robot_description/local_setup.dsv
[0.804s] -- Symlinking: /home/ws/potato_ws/install/robot_description/share/robot_description/package.dsv
[0.826s] -- Up-to-date symlink: /home/ws/potato_ws/install/robot_description/share/ament_index/resource_index/packages/robot_description
[0.826s] -- Up-to-date symlink: /home/ws/potato_ws/install/robot_description/share/robot_description/cmake/robot_descriptionConfig.cmake
[0.826s] -- Up-to-date symlink: /home/ws/potato_ws/install/robot_description/share/robot_description/cmake/robot_descriptionConfig-version.cmake
[0.827s] -- Up-to-date symlink: /home/ws/potato_ws/install/robot_description/share/robot_description/package.xml
[0.832s] Invoked command in '/home/ws/potato_ws/build/robot_description' returned '0': CMAKE_PREFIX_PATH=${CMAKE_PREFIX_PATH}:/opt/ros/jazzy /usr/bin/cmake --install /home/ws/potato_ws/build/robot_description
