[0.008s] Invoking command in '/home/ws/potato_ws/build/robot_description': CMAKE_PREFIX_PATH=${CMAKE_PREFIX_PATH}:/opt/ros/jazzy:/opt/ros/rolling /usr/bin/cmake --build /home/ws/potato_ws/build/robot_description -- -j14 -l14
[0.026s] -- Found ament_cmake: 2.8.4 (/opt/ros/rolling/share/ament_cmake/cmake)
[0.149s] -- Found ament_lint_auto: 0.20.2 (/opt/ros/rolling/share/ament_lint_auto/cmake)
[0.229s] -- Added test 'flake8' to check Python code syntax and style conventions
[0.229s] -- Configured 'flake8' exclude dirs and/or files: 
[0.229s] -- Added test 'lint_cmake' to check CMake code style
[0.229s] -- Added test 'pep257' to check Python code against some of the docstring style conventions in PEP 257
[0.229s] -- Added test 'xmllint' to check XML markup files
[0.230s] -- Configuring done (0.2s)
[0.231s] -- Generating done (0.0s)
[0.232s] -- Build files have been written to: /home/ws/potato_ws/build/robot_description
[0.250s] Invoked command in '/home/ws/potato_ws/build/robot_description' returned '0': CMAKE_PREFIX_PATH=${CMAKE_PREFIX_PATH}:/opt/ros/jazzy:/opt/ros/rolling /usr/bin/cmake --build /home/ws/potato_ws/build/robot_description -- -j14 -l14
[0.261s] Invoking command in '/home/ws/potato_ws/build/robot_description': CMAKE_PREFIX_PATH=${CMAKE_PREFIX_PATH}:/opt/ros/jazzy:/opt/ros/rolling /usr/bin/cmake --install /home/ws/potato_ws/build/robot_description
[0.266s] -- Install configuration: ""
[0.266s] -- Installing: /home/ws/potato_ws/install/robot_description/share/robot_description/description
[0.266s] -- Installing: /home/ws/potato_ws/install/robot_description/share/robot_description/description/robot.urdf.xacro
[0.266s] -- Installing: /home/ws/potato_ws/install/robot_description/share/robot_description/description/inertial_macros.xacro
[0.266s] -- Installing: /home/ws/potato_ws/install/robot_description/share/robot_description/launch
[0.266s] -- Installing: /home/ws/potato_ws/install/robot_description/share/robot_description/launch/rsp.launch.py
[0.266s] -- Up-to-date: /home/ws/potato_ws/install/robot_description/share/ament_index/resource_index/package_run_dependencies/robot_description
[0.266s] -- Installing: /home/ws/potato_ws/install/robot_description/share/ament_index/resource_index/parent_prefix_path/robot_description
[0.266s] -- Up-to-date: /home/ws/potato_ws/install/robot_description/share/robot_description/environment/ament_prefix_path.sh
[0.266s] -- Up-to-date: /home/ws/potato_ws/install/robot_description/share/robot_description/environment/ament_prefix_path.dsv
[0.266s] -- Up-to-date: /home/ws/potato_ws/install/robot_description/share/robot_description/environment/path.sh
[0.266s] -- Up-to-date: /home/ws/potato_ws/install/robot_description/share/robot_description/environment/path.dsv
[0.266s] -- Up-to-date: /home/ws/potato_ws/install/robot_description/share/robot_description/local_setup.bash
[0.266s] -- Up-to-date: /home/ws/potato_ws/install/robot_description/share/robot_description/local_setup.sh
[0.267s] -- Up-to-date: /home/ws/potato_ws/install/robot_description/share/robot_description/local_setup.zsh
[0.267s] -- Up-to-date: /home/ws/potato_ws/install/robot_description/share/robot_description/local_setup.dsv
[0.267s] -- Installing: /home/ws/potato_ws/install/robot_description/share/robot_description/package.dsv
[0.267s] -- Up-to-date: /home/ws/potato_ws/install/robot_description/share/ament_index/resource_index/packages/robot_description
[0.267s] -- Up-to-date: /home/ws/potato_ws/install/robot_description/share/robot_description/cmake/robot_descriptionConfig.cmake
[0.267s] -- Up-to-date: /home/ws/potato_ws/install/robot_description/share/robot_description/cmake/robot_descriptionConfig-version.cmake
[0.267s] -- Up-to-date: /home/ws/potato_ws/install/robot_description/share/robot_description/package.xml
[0.267s] Invoked command in '/home/ws/potato_ws/build/robot_description' returned '0': CMAKE_PREFIX_PATH=${CMAKE_PREFIX_PATH}:/opt/ros/jazzy:/opt/ros/rolling /usr/bin/cmake --install /home/ws/potato_ws/build/robot_description
